<?xml version="1.0" encoding="UTF-8"?>
<!-- Generated by org.testng.reporters.JUnitReportReporter -->
<testsuite skipped="0" hostname="LAPTOP-P5GPJUN4" name="mavenframework.zestmoney.TestClass" tests="2" failures="0" timestamp="2020-03-04T18:05:13 IST" time="110.390" errors="0">
  <testcase name="afterMethod" time="13.726" classname="mavenframework.zestmoney.TestClass"/>
  <system-out/>
  <testcase name="test" time="96.664" classname="mavenframework.zestmoney.TestClass"/>
  <system-out/>
</testsuite> <!-- mavenframework.zestmoney.TestClass -->
